# JRE version: Java(TM) SE Runtime Environment (8.0_271-b09) (build 1.8.0_271-b09)
# Java VM: Java HotSpot(TM) Client VM (25.271-b09 mixed mode windows-x86 )
Heap:
 def new generation   total 7104K, used 4961K [0x04e00000, 0x055b0000, 0x0a350000)
  eden space 6336K,  70% used [0x04e00000, 0x05260c38, 0x05430000)
  from space 768K,  62% used [0x054f0000, 0x05567a70, 0x055b0000)
  to   space 768K,   0% used [0x05430000, 0x05430000, 0x054f0000)
 tenured generation   total 32100K, used 26509K [0x0a350000, 0x0c2a9000, 0x14e00000)
   the space 32100K,  82% used [0x0a350000, 0x0bd33480, 0x0bd33600, 0x0c2a9000)
 Metaspace       used 19943K, capacity 20600K, committed 20608K, reserved 20864K
GC Heap History (10 events):
Event: 4.293 GC heap before
{Heap before GC invocations=35 (full 2):
 def new generation   total 7104K, used 6336K [0x04e00000, 0x055b0000, 0x0a350000)
  eden space 6336K, 100% used [0x04e00000, 0x05430000, 0x05430000)
  from space 768K,   0% used [0x05430000, 0x05430000, 0x054f0000)
  to   space 768K,   0% used [0x054f0000, 0x054f0000, 0x055b0000)
 tenured generation   total 15712K, used 9425K [0x0a350000, 0x0b2a8000, 0x14e00000)
   the space 15712K,  59% used [0x0a350000, 0x0ac84630, 0x0ac84800, 0x0b2a8000)
 Metaspace       used 18617K, capacity 19203K, committed 19328K, reserved 19840K
Event: 4.295 GC heap after
Heap after GC invocations=36 (full 2):
 def new generation   total 7104K, used 675K [0x04e00000, 0x055b0000, 0x0a350000)
  eden space 6336K,   0% used [0x04e00000, 0x04e00000, 0x05430000)
  from space 768K,  87% used [0x054f0000, 0x05598d78, 0x055b0000)
  to   space 768K,   0% used [0x05430000, 0x05430000, 0x054f0000)
 tenured generation   total 15712K, used 9425K [0x0a350000, 0x0b2a8000, 0x14e00000)
   the space 15712K,  59% used [0x0a350000, 0x0ac84630, 0x0ac84800, 0x0b2a8000)
 Metaspace       used 18617K, capacity 19203K, committed 19328K, reserved 19840K
}
Event: 4.350 GC heap before
{Heap before GC invocations=36 (full 2):
 def new generation   total 7104K, used 7011K [0x04e00000, 0x055b0000, 0x0a350000)
  eden space 6336K, 100% used [0x04e00000, 0x05430000, 0x05430000)
  from space 768K,  87% used [0x054f0000, 0x05598d78, 0x055b0000)
  to   space 768K,   0% used [0x05430000, 0x05430000, 0x054f0000)
 tenured generation   total 15712K, used 9425K [0x0a350000, 0x0b2a8000, 0x14e00000)
   the space 15712K,  59% used [0x0a350000, 0x0ac84630, 0x0ac84800, 0x0b2a8000)
 Metaspace       used 19191K, capacity 19813K, committed 19840K, reserved 19840K
Event: 4.353 GC heap after
Heap after GC invocations=37 (full 2):
 def new generation   total 7104K, used 768K [0x04e00000, 0x055b0000, 0x0a350000)
  eden space 6336K,   0% used [0x04e00000, 0x04e00000, 0x05430000)
  from space 768K, 100% used [0x05430000, 0x054f0000, 0x054f0000)
  to   space 768K,   0% used [0x054f0000, 0x054f0000, 0x055b0000)
 tenured generation   total 15712K, used 9744K [0x0a350000, 0x0b2a8000, 0x14e00000)
   the space 15712K,  62% used [0x0a350000, 0x0acd4200, 0x0acd4200, 0x0b2a8000)
 Metaspace       used 19191K, capacity 19813K, committed 19840K, reserved 19840K
}
Event: 4.357 GC heap before
{Heap before GC invocations=37 (full 2):
 def new generation   total 7104K, used 942K [0x04e00000, 0x055b0000, 0x0a350000)
  eden space 6336K,   2% used [0x04e00000, 0x04e2b880, 0x05430000)
  from space 768K, 100% used [0x05430000, 0x054f0000, 0x054f0000)
  to   space 768K,   0% used [0x054f0000, 0x054f0000, 0x055b0000)
 tenured generation   total 15712K, used 9744K [0x0a350000, 0x0b2a8000, 0x14e00000)
   the space 15712K,  62% used [0x0a350000, 0x0acd4200, 0x0acd4200, 0x0b2a8000)
 Metaspace       used 19200K, capacity 19813K, committed 19840K, reserved 19840K
Event: 4.380 GC heap after
Heap after GC invocations=38 (full 3):
 def new generation   total 7104K, used 0K [0x04e00000, 0x055b0000, 0x0a350000)
  eden space 6336K,   0% used [0x04e00000, 0x04e00000, 0x05430000)
  from space 768K,   0% used [0x054f0000, 0x054f0000, 0x055b0000)
  to   space 768K,   0% used [0x05430000, 0x05430000, 0x054f0000)
 tenured generation   total 15712K, used 9115K [0x0a350000, 0x0b2a8000, 0x14e00000)
   the space 15712K,  58% used [0x0a350000, 0x0ac36ed0, 0x0ac37000, 0x0b2a8000)
 Metaspace       used 19200K, capacity 19813K, committed 19840K, reserved 19840K
}
Event: 9.228 GC heap before
{Heap before GC invocations=38 (full 3):
 def new generation   total 7104K, used 6336K [0x04e00000, 0x055b0000, 0x0a350000)
  eden space 6336K, 100% used [0x04e00000, 0x05430000, 0x05430000)
  from space 768K,   0% used [0x054f0000, 0x054f0000, 0x055b0000)
  to   space 768K,   0% used [0x05430000, 0x05430000, 0x054f0000)
 tenured generation   total 32100K, used 25499K [0x0a350000, 0x0c2a9000, 0x14e00000)
   the space 32100K,  79% used [0x0a350000, 0x0bc36ee0, 0x0bc37000, 0x0c2a9000)
 Metaspace       used 19689K, capacity 20314K, committed 20352K, reserved 20864K
Event: 9.230 GC heap after
Heap after GC invocations=39 (full 3):
 def new generation   total 7104K, used 768K [0x04e00000, 0x055b0000, 0x0a350000)
  eden space 6336K,   0% used [0x04e00000, 0x04e00000, 0x05430000)
  from space 768K, 100% used [0x05430000, 0x054f0000, 0x054f0000)
  to   space 768K,   0% used [0x054f0000, 0x054f0000, 0x055b0000)
 tenured generation   total 32100K, used 25877K [0x0a350000, 0x0c2a9000, 0x14e00000)
   the space 32100K,  80% used [0x0a350000, 0x0bc956d8, 0x0bc95800, 0x0c2a9000)
 Metaspace       used 19689K, capacity 20314K, committed 20352K, reserved 20864K
}
Event: 11.987 GC heap before
{Heap before GC invocations=39 (full 3):
 def new generation   total 7104K, used 7104K [0x04e00000, 0x055b0000, 0x0a350000)
  eden space 6336K, 100% used [0x04e00000, 0x05430000, 0x05430000)
  from space 768K, 100% used [0x05430000, 0x054f0000, 0x054f0000)
  to   space 768K,   0% used [0x054f0000, 0x054f0000, 0x055b0000)
 tenured generation   total 32100K, used 25877K [0x0a350000, 0x0c2a9000, 0x14e00000)
   the space 32100K,  80% used [0x0a350000, 0x0bc956d8, 0x0bc95800, 0x0c2a9000)
 Metaspace       used 19856K, capacity 20511K, committed 20608K, reserved 20864K
Event: 11.991 GC heap after
Heap after GC invocations=40 (full 3):
 def new generation   total 7104K, used 478K [0x04e00000, 0x055b0000, 0x0a350000)
  eden space 6336K,   0% used [0x04e00000, 0x04e00000, 0x05430000)
  from space 768K,  62% used [0x054f0000, 0x05567a70, 0x055b0000)
  to   space 768K,   0% used [0x05430000, 0x05430000, 0x054f0000)
 tenured generation   total 32100K, used 26509K [0x0a350000, 0x0c2a9000, 0x14e00000)
   the space 32100K,  82% used [0x0a350000, 0x0bd33480, 0x0bd33600, 0x0c2a9000)
 Metaspace       used 19856K, capacity 20511K, committed 20608K, reserved 20864K
}

