<?xml version="1.0" encoding="UTF-8"?>
<!-- Generated by org.testng.reporters.JUnitXMLReporter -->
<testsuite hostname="XPS13" ignored="0" name="Test" tests="3" failures="1" timestamp="07 Jan 2021 19:43:46 GMT" time="138.361" errors="0">
  <testcase name="searchItemTest" time="35.434" classname="com.CostcoTest.testCases.TC001_CostcoSearchItem"/>
  <testcase name="itemPX760InStockTest" time="39.896" classname="com.CostcoTest.testCases.TC002_CostcoItemInStockTest"/>
  <testcase name="itemPX780InStockTest" time="24.322" classname="com.CostcoTest.testCases.TC002_CostcoItemInStockTest">
    <failure type="java.lang.AssertionError" message="PX-780 not found : Item Out of Stock expected [false] but found [true]">
      <![CDATA[java.lang.AssertionError: PX-780 not found : Item Out of Stock expected [false] but found [true]
at com.CostcoTest.testCases.TC002_CostcoItemInStockTest.itemPX780InStockTest(TC002_CostcoItemInStockTest.java:98)
... Removed 28 stack frames]]>
    </failure>
  </testcase> <!-- itemPX780InStockTest -->
</testsuite> <!-- Test -->
