<?xml version="1.0" encoding="UTF-8"?>
<!-- Generated by org.testng.reporters.JUnitXMLReporter -->
<testsuite hostname="XPS13" ignored="0" name="Test" tests="3" failures="1" timestamp="08 Jan 2021 14:56:42 GMT" time="137.1" errors="0">
  <testcase name="searchItemTest" time="35.875" classname="com.CostcoTest.testCases.TC001_CostcoSearchItem"/>
  <testcase name="itemPX760InStockTest" time="38.416" classname="com.CostcoTest.testCases.TC002_CostcoItemInStockTest"/>
  <testcase name="itemPX780InStockTest" time="21.777" classname="com.CostcoTest.testCases.TC002_CostcoItemInStockTest">
    <failure type="java.lang.AssertionError" message="PX-780 not found : Item Out of Stock expected [false] but found [true]">
      <![CDATA[java.lang.AssertionError: PX-780 not found : Item Out of Stock expected [false] but found [true]
at com.CostcoTest.testCases.TC002_CostcoItemInStockTest.itemPX780InStockTest(TC002_CostcoItemInStockTest.java:98)
... Removed 32 stack frames]]>
    </failure>
  </testcase> <!-- itemPX780InStockTest -->
</testsuite> <!-- Test -->
