<?xml version="1.0" encoding="UTF-8"?>
<testsuite xmlns:xsi="http://www.w3.org/2001/XMLSchema-instance" xsi:noNamespaceSchemaLocation="https://maven.apache.org/surefire/maven-surefire-plugin/xsd/surefire-test-report-3.0.xsd" version="3.0" name="TestSuite" time="139.604" tests="3" errors="0" skipped="0" failures="1">
  <properties>
[...]
</properties>
  <testcase name="searchItemTest" classname="com.CostcoTest.testCases.TC001_CostcoSearchItem" time="35.52">
    <system-out><![CDATA[[TestNGContentHandler] [WARN] It is strongly recommended to add "<!DOCTYPE suite SYSTEM "http://testng.org/testng-1.0.dtd" >" at the top of your file, otherwise TestNG may fail or not work as expected.
Inside setup
[DEBUG] 08-01-2021 09:54:26.117 InternalLoggerFactory - Using Log4J2 as the default logging framework
[DEBUG] 08-01-2021 09:54:26.124 ResourceLeakDetector - -Dio.netty.leakDetection.level: simple
[DEBUG] 08-01-2021 09:54:26.124 ResourceLeakDetector - -Dio.netty.leakDetection.targetRecords: 4
[DEBUG] 08-01-2021 09:54:26.127 ResourceLeakDetectorFactory - Loaded default ResourceLeakDetector: io.netty.util.ResourceLeakDetector@1ebb875
[DEBUG] 08-01-2021 09:54:26.142 PlatformDependent - Platform: Windows
[DEBUG] 08-01-2021 09:54:26.143 PlatformDependent0 - -Dio.netty.noUnsafe: false
[DEBUG] 08-01-2021 09:54:26.143 PlatformDependent0 - Java version: 8
[DEBUG] 08-01-2021 09:54:26.144 PlatformDependent0 - sun.misc.Unsafe.theUnsafe: available
[DEBUG] 08-01-2021 09:54:26.145 PlatformDependent0 - sun.misc.Unsafe.copyMemory: available
[DEBUG] 08-01-2021 09:54:26.145 PlatformDependent0 - java.nio.Buffer.address: available
[DEBUG] 08-01-2021 09:54:26.145 PlatformDependent0 - direct buffer constructor: available
[DEBUG] 08-01-2021 09:54:26.146 PlatformDependent0 - java.nio.Bits.unaligned: available, true
[DEBUG] 08-01-2021 09:54:26.146 PlatformDependent0 - jdk.internal.misc.Unsafe.allocateUninitializedArray(int): unavailable prior to Java9
[DEBUG] 08-01-2021 09:54:26.146 PlatformDependent0 - java.nio.DirectByteBuffer.<init>(long, int): available
[DEBUG] 08-01-2021 09:54:26.146 PlatformDependent - sun.misc.Unsafe: available
[DEBUG] 08-01-2021 09:54:26.147 PlatformDependent - -Dio.netty.tmpdir: C:\Users\Anisag\AppData\Local\Temp (java.io.tmpdir)
[DEBUG] 08-01-2021 09:54:26.147 PlatformDependent - -Dio.netty.bitMode: 32 (sun.arch.data.model)
[DEBUG] 08-01-2021 09:54:26.147 PlatformDependent - -Dio.netty.maxDirectMemory: 259522560 bytes
[DEBUG] 08-01-2021 09:54:26.148 PlatformDependent - -Dio.netty.uninitializedArrayAllocationThreshold: -1
[DEBUG] 08-01-2021 09:54:26.148 CleanerJava6 - java.nio.ByteBuffer.cleaner(): available
[DEBUG] 08-01-2021 09:54:26.148 PlatformDependent - -Dio.netty.noPreferDirect: false
[DEBUG] 08-01-2021 09:54:26.157 PlatformDependent - org.jctools-core.MpscChunkedArrayQueue: available
[DEBUG] 08-01-2021 09:54:26.180 JdkSslContext - Default protocols (JDK): [TLSv1.2, TLSv1.1, TLSv1] 
[DEBUG] 08-01-2021 09:54:26.180 JdkSslContext - Default cipher suites (JDK): [TLS_ECDHE_ECDSA_WITH_AES_256_GCM_SHA384, TLS_ECDHE_ECDSA_WITH_AES_128_GCM_SHA256, TLS_ECDHE_RSA_WITH_AES_128_GCM_SHA256, TLS_ECDHE_RSA_WITH_AES_256_GCM_SHA384, TLS_ECDHE_RSA_WITH_AES_128_CBC_SHA, TLS_ECDHE_RSA_WITH_AES_256_CBC_SHA, TLS_RSA_WITH_AES_128_GCM_SHA256, TLS_RSA_WITH_AES_128_CBC_SHA, TLS_RSA_WITH_AES_256_CBC_SHA]
[DEBUG] 08-01-2021 09:54:26.198 InternalThreadLocalMap - -Dio.netty.threadLocalMap.stringBuilder.initialSize: 1024
[DEBUG] 08-01-2021 09:54:26.198 InternalThreadLocalMap - -Dio.netty.threadLocalMap.stringBuilder.maxSize: 4096
[DEBUG] 08-01-2021 09:54:26.206 MultithreadEventLoopGroup - -Dio.netty.eventLoopThreads: 16
[DEBUG] 08-01-2021 09:54:26.215 NioEventLoop - -Dio.netty.noKeySetOptimization: false
[DEBUG] 08-01-2021 09:54:26.216 NioEventLoop - -Dio.netty.selectorAutoRebuildThreshold: 512
[TRACE] 08-01-2021 09:54:26.235 NioEventLoop - instrumented a special java.util.Set into: sun.nio.ch.WindowsSelectorImpl@17d6814
[TRACE] 08-01-2021 09:54:26.237 NioEventLoop - instrumented a special java.util.Set into: sun.nio.ch.WindowsSelectorImpl@168660
[TRACE] 08-01-2021 09:54:26.238 NioEventLoop - instrumented a special java.util.Set into: sun.nio.ch.WindowsSelectorImpl@b56a3e
[TRACE] 08-01-2021 09:54:26.239 NioEventLoop - instrumented a special java.util.Set into: sun.nio.ch.WindowsSelectorImpl@1d0e5b6
[TRACE] 08-01-2021 09:54:26.239 NioEventLoop - instrumented a special java.util.Set into: sun.nio.ch.WindowsSelectorImpl@ed46ee
[TRACE] 08-01-2021 09:54:26.240 NioEventLoop - instrumented a special java.util.Set into: sun.nio.ch.WindowsSelectorImpl@b0fcd5
[TRACE] 08-01-2021 09:54:26.241 NioEventLoop - instrumented a special java.util.Set into: sun.nio.ch.WindowsSelectorImpl@1ad94a7
[TRACE] 08-01-2021 09:54:26.241 NioEventLoop - instrumented a special java.util.Set into: sun.nio.ch.WindowsSelectorImpl@15835b1
[TRACE] 08-01-2021 09:54:26.242 NioEventLoop - instrumented a special java.util.Set into: sun.nio.ch.WindowsSelectorImpl@126d182
[TRACE] 08-01-2021 09:54:26.243 NioEventLoop - instrumented a special java.util.Set into: sun.nio.ch.WindowsSelectorImpl@41cf67
[TRACE] 08-01-2021 09:54:26.243 NioEventLoop - instrumented a special java.util.Set into: sun.nio.ch.WindowsSelectorImpl@16a7124
[TRACE] 08-01-2021 09:54:26.244 NioEventLoop - instrumented a special java.util.Set into: sun.nio.ch.WindowsSelectorImpl@1192705
[TRACE] 08-01-2021 09:54:26.244 NioEventLoop - instrumented a special java.util.Set into: sun.nio.ch.WindowsSelectorImpl@6642a5
[TRACE] 08-01-2021 09:54:26.245 NioEventLoop - instrumented a special java.util.Set into: sun.nio.ch.WindowsSelectorImpl@809b79
[TRACE] 08-01-2021 09:54:26.246 NioEventLoop - instrumented a special java.util.Set into: sun.nio.ch.WindowsSelectorImpl@c126dc
[TRACE] 08-01-2021 09:54:26.246 NioEventLoop - instrumented a special java.util.Set into: sun.nio.ch.WindowsSelectorImpl@5e134e
[DEBUG] 08-01-2021 09:54:26.266 PooledByteBufAllocator - -Dio.netty.allocator.numHeapArenas: 2
[DEBUG] 08-01-2021 09:54:26.266 PooledByteBufAllocator - -Dio.netty.allocator.numDirectArenas: 2
[DEBUG] 08-01-2021 09:54:26.267 PooledByteBufAllocator - -Dio.netty.allocator.pageSize: 8192
[DEBUG] 08-01-2021 09:54:26.267 PooledByteBufAllocator - -Dio.netty.allocator.maxOrder: 11
[DEBUG] 08-01-2021 09:54:26.267 PooledByteBufAllocator - -Dio.netty.allocator.chunkSize: 16777216
[DEBUG] 08-01-2021 09:54:26.267 PooledByteBufAllocator - -Dio.netty.allocator.tinyCacheSize: 512
[DEBUG] 08-01-2021 09:54:26.267 PooledByteBufAllocator - -Dio.netty.allocator.smallCacheSize: 256
[DEBUG] 08-01-2021 09:54:26.267 PooledByteBufAllocator - -Dio.netty.allocator.normalCacheSize: 64
[DEBUG] 08-01-2021 09:54:26.267 PooledByteBufAllocator - -Dio.netty.allocator.maxCachedBufferCapacity: 32768
[DEBUG] 08-01-2021 09:54:26.267 PooledByteBufAllocator - -Dio.netty.allocator.cacheTrimInterval: 8192
[DEBUG] 08-01-2021 09:54:26.267 PooledByteBufAllocator - -Dio.netty.allocator.cacheTrimIntervalMillis: 0
[DEBUG] 08-01-2021 09:54:26.267 PooledByteBufAllocator - -Dio.netty.allocator.useCacheForAllThreads: true
[DEBUG] 08-01-2021 09:54:26.267 PooledByteBufAllocator - -Dio.netty.allocator.maxCachedByteBuffersPerChunk: 1023
[DEBUG] 08-01-2021 09:54:26.275 ByteBufUtil - -Dio.netty.allocator.type: pooled
[DEBUG] 08-01-2021 09:54:26.275 ByteBufUtil - -Dio.netty.threadLocalDirectBufferSize: 0
[DEBUG] 08-01-2021 09:54:26.275 ByteBufUtil - -Dio.netty.maxThreadLocalCharBufferSize: 16384
[DEBUG] 08-01-2021 09:54:27.573 DefaultChannelId - -Dio.netty.processId: 23292 (auto-detected)
[DEBUG] 08-01-2021 09:54:27.575 NetUtil - -Djava.net.preferIPv4Stack: false
[DEBUG] 08-01-2021 09:54:27.575 NetUtil - -Djava.net.preferIPv6Addresses: false
[DEBUG] 08-01-2021 09:54:27.925 NetUtil - Loopback interface: lo (Software Loopback Interface 1, 127.0.0.1)
[DEBUG] 08-01-2021 09:54:27.925 NetUtil - Failed to get SOMAXCONN from sysctl and file \proc\sys\net\core\somaxconn. Default: 200
[DEBUG] 08-01-2021 09:54:28.298 DefaultChannelId - -Dio.netty.machineId: 9c:b6:d0:ff:fe:8a:6e:37 (auto-detected)
[DEBUG] 08-01-2021 09:54:28.369 AbstractByteBuf - -Dio.netty.buffer.checkAccessible: true
[DEBUG] 08-01-2021 09:54:28.369 AbstractByteBuf - -Dio.netty.buffer.checkBounds: true
[DEBUG] 08-01-2021 09:54:28.370 ResourceLeakDetectorFactory - Loaded default ResourceLeakDetector: io.netty.util.ResourceLeakDetector@1a9dcaa
[DEBUG] 08-01-2021 09:54:28.390 Recycler - -Dio.netty.recycler.maxCapacityPerThread: 4096
[DEBUG] 08-01-2021 09:54:28.390 Recycler - -Dio.netty.recycler.maxSharedCapacityFactor: 2
[DEBUG] 08-01-2021 09:54:28.390 Recycler - -Dio.netty.recycler.linkCapacity: 16
[DEBUG] 08-01-2021 09:54:28.390 Recycler - -Dio.netty.recycler.ratio: 8
[DEBUG] 08-01-2021 09:54:31.124 ThreadLocalRandom - -Dio.netty.initialSeedUniquifier: 0x55915b6df55111bf
[INFO ] 08-01-2021 09:54:33.308 TC001_CostcoSearchItem - *************************Starting execution for TC001_CostcoSearchItem************************************
Check
[INFO ] 08-01-2021 09:54:36.661 TC001_CostcoSearchItem - *************************Opened application*****************************************
[INFO ] 08-01-2021 09:54:36.696 TC001_CostcoSearchItem - *************************Checking if Costco Modal Dialog is opened************************************
[INFO ] 08-01-2021 09:54:36.756 TC001_CostcoSearchItem - *************************Setting region and language************************************
[INFO ] 08-01-2021 09:54:47.029 TC001_CostcoSearchItem - *************************Search Starting************************************
Index:0
actTitleAfterSearch:Casio Digital Pianos & Electric Keyboards | Costco
searchString:Casio Digital Pianos & Electric Keyboards
true true
[INFO ] 08-01-2021 09:55:08.698 TC001_CostcoSearchItem - *************************Search Successful************************************
D:\Anilla\Training\QAJavaAutomation\CostcoTest\screenshots\searchItemTest.png
Screenshot Captured for : searchItemTest
]]></system-out>
    <system-err><![CDATA[SLF4J: Failed to load class "org.slf4j.impl.StaticLoggerBinder".
SLF4J: Defaulting to no-operation (NOP) logger implementation
SLF4J: See http://www.slf4j.org/codes.html#StaticLoggerBinder for further details.
Starting ChromeDriver 87.0.4280.88 (89e2380a3e36c3464b5dd1302349b1382549290d-refs/branch-heads/4280@{#1761}) on port 46396
Only local connections are allowed.
Please see https://chromedriver.chromium.org/security-considerations for suggestions on keeping ChromeDriver safe.
ChromeDriver was started successfully.
Jan 08, 2021 9:54:31 AM org.openqa.selenium.remote.ProtocolHandshake createSession
INFO: Detected dialect: W3C
]]></system-err>
  </testcase>
  <testcase name="itemPX760InStockTest" classname="com.CostcoTest.testCases.TC002_CostcoItemInStockTest" time="38.396">
    <system-out><![CDATA[Inside On test Success
D:\Anilla\Training\QAJavaAutomation\CostcoTest\screenshots\searchItemTest.png
[TRACE] 08-01-2021 09:55:09.195 WebSocket08FrameEncoder - Encoding WebSocket Frame opCode=8 length=26
Inside setup
[INFO ] 08-01-2021 09:55:18.041 TC002_CostcoItemInStockTest - *************************Opened application*****************************************
[INFO ] 08-01-2021 09:55:30.575 TC002_CostcoItemInStockTest - *************************Starting execution for PX760 Search************************************
[INFO ] 08-01-2021 09:55:48.385 TC002_CostcoItemInStockTest - *************************Looking for PX-760************************************
[INFO ] 08-01-2021 09:56:08.539 TC002_CostcoItemInStockTest - *************************Found  PX-760************************************
D:\Anilla\Training\QAJavaAutomation\CostcoTest\screenshots\itemPX760InStockTest.png
Screenshot Captured for : itemPX760InStockTest
]]></system-out>
    <system-err><![CDATA[Starting ChromeDriver 87.0.4280.88 (89e2380a3e36c3464b5dd1302349b1382549290d-refs/branch-heads/4280@{#1761}) on port 33435
Only local connections are allowed.
Please see https://chromedriver.chromium.org/security-considerations for suggestions on keeping ChromeDriver safe.
ChromeDriver was started successfully.
Jan 08, 2021 9:55:13 AM org.openqa.selenium.remote.ProtocolHandshake createSession
INFO: Detected dialect: W3C
]]></system-err>
  </testcase>
  <testcase name="itemPX780InStockTest" classname="com.CostcoTest.testCases.TC002_CostcoItemInStockTest" time="21.808">
    <failure message="PX-780 not found : Item Out of Stock expected [false] but found [true]" type="java.lang.AssertionError"><![CDATA[java.lang.AssertionError: PX-780 not found : Item Out of Stock expected [false] but found [true]
	at com.CostcoTest.testCases.TC002_CostcoItemInStockTest.itemPX780InStockTest(TC002_CostcoItemInStockTest.java:98)
]]></failure>
    <system-out><![CDATA[Inside On test Success
D:\Anilla\Training\QAJavaAutomation\CostcoTest\screenshots\itemPX760InStockTest.png
[INFO ] 08-01-2021 09:56:19.014 TC002_CostcoItemInStockTest - *************************Opened application*****************************************
[INFO ] 08-01-2021 09:56:19.809 TC002_CostcoItemInStockTest - *************************Starting execution for PX 780 Search************************************
[INFO ] 08-01-2021 09:56:30.230 TC002_CostcoItemInStockTest - *************************Looking for PX-780************************************
[INFO ] 08-01-2021 09:56:41.022 TC002_CostcoItemInStockTest - *************************Not Found for PX-780************************************
D:\Anilla\Training\QAJavaAutomation\CostcoTest\screenshots\itemPX780InStockTest.png
Screenshot Captured for : itemPX780InStockTest
]]></system-out>
  </testcase>
</testsuite>